<?xml version="1.0" encoding="UTF-8"?>
<coverage generated="1756658128127" clover="3.2.0">
  <project timestamp="1756658128127" name="All files">
    <metrics statements="192" coveredstatements="96" conditionals="181" coveredconditionals="92" methods="43" coveredmethods="18" elements="416" coveredelements="206" complexity="0" loc="192" ncloc="192" packages="3" files="3" classes="3"/>
    <package name="DoctorDashboard">
      <metrics statements="88" coveredstatements="43" conditionals="82" coveredconditionals="44" methods="20" coveredmethods="8"/>
      <file name="DoctorDashboard.jsx" path="/home/thanura/Advanced-SE-Project/DocRecords/frontend/src/pages/DoctorDashboard/DoctorDashboard.jsx">
        <metrics statements="88" coveredstatements="43" conditionals="82" coveredconditionals="44" methods="20" coveredmethods="8"/>
        <line num="7" count="19" type="stmt"/>
        <line num="8" count="19" type="cond" truecount="1" falsecount="1"/>
        <line num="10" count="19" type="stmt"/>
        <line num="11" count="19" type="stmt"/>
        <line num="12" count="19" type="stmt"/>
        <line num="13" count="19" type="stmt"/>
        <line num="14" count="19" type="stmt"/>
        <line num="16" count="19" type="stmt"/>
        <line num="17" count="19" type="stmt"/>
        <line num="18" count="19" type="stmt"/>
        <line num="19" count="19" type="stmt"/>
        <line num="20" count="19" type="stmt"/>
        <line num="22" count="19" type="stmt"/>
        <line num="23" count="6" type="cond" truecount="1" falsecount="1"/>
        <line num="24" count="6" type="stmt"/>
        <line num="25" count="6" type="stmt"/>
        <line num="37" count="19" type="stmt"/>
        <line num="38" count="1" type="stmt"/>
        <line num="39" count="1" type="stmt"/>
        <line num="42" count="19" type="stmt"/>
        <line num="43" count="1" type="stmt"/>
        <line num="44" count="1" type="cond" truecount="1" falsecount="1"/>
        <line num="45" count="0" type="stmt"/>
        <line num="46" count="0" type="stmt"/>
        <line num="49" count="1" type="stmt"/>
        <line num="59" count="1" type="stmt"/>
        <line num="65" count="1" type="stmt"/>
        <line num="67" count="1" type="cond" truecount="1" falsecount="1"/>
        <line num="68" count="1" type="stmt"/>
        <line num="69" count="1" type="stmt"/>
        <line num="70" count="1" type="stmt"/>
        <line num="72" count="0" type="stmt"/>
        <line num="75" count="0" type="stmt"/>
        <line num="76" count="0" type="stmt"/>
        <line num="80" count="19" type="stmt"/>
        <line num="81" count="1" type="stmt"/>
        <line num="82" count="1" type="stmt"/>
        <line num="86" count="1" type="cond" truecount="1" falsecount="1"/>
        <line num="87" count="1" type="stmt"/>
        <line num="88" count="1" type="stmt"/>
        <line num="90" count="0" type="stmt"/>
        <line num="91" count="0" type="stmt"/>
        <line num="94" count="0" type="stmt"/>
        <line num="95" count="0" type="stmt"/>
        <line num="97" count="1" type="stmt"/>
        <line num="101" count="19" type="stmt"/>
        <line num="102" count="0" type="stmt"/>
        <line num="106" count="19" type="stmt"/>
        <line num="107" count="0" type="stmt"/>
        <line num="108" count="0" type="cond" truecount="0" falsecount="2"/>
        <line num="110" count="0" type="stmt"/>
        <line num="111" count="0" type="stmt"/>
        <line num="112" count="0" type="stmt"/>
        <line num="113" count="0" type="cond" truecount="0" falsecount="2"/>
        <line num="114" count="0" type="stmt"/>
        <line num="116" count="0" type="stmt"/>
        <line num="117" count="0" type="stmt"/>
        <line num="118" count="0" type="cond" truecount="0" falsecount="2"/>
        <line num="119" count="0" type="stmt"/>
        <line num="120" count="0" type="cond" truecount="0" falsecount="2"/>
        <line num="123" count="0" type="stmt"/>
        <line num="125" count="0" type="stmt"/>
        <line num="126" count="0" type="stmt"/>
        <line num="127" count="0" type="stmt"/>
        <line num="129" count="0" type="stmt"/>
        <line num="133" count="19" type="stmt"/>
        <line num="134" count="0" type="cond" truecount="0" falsecount="4"/>
        <line num="136" count="0" type="stmt"/>
        <line num="137" count="0" type="stmt"/>
        <line num="147" count="0" type="cond" truecount="0" falsecount="2"/>
        <line num="148" count="0" type="stmt"/>
        <line num="150" count="0" type="stmt"/>
        <line num="155" count="0" type="stmt"/>
        <line num="156" count="0" type="stmt"/>
        <line num="158" count="0" type="stmt"/>
        <line num="159" count="0" type="stmt"/>
        <line num="163" count="19" type="stmt"/>
        <line num="183" count="2" type="stmt"/>
        <line num="184" count="1" type="stmt"/>
        <line num="185" count="0" type="stmt"/>
        <line num="197" count="2" type="stmt"/>
        <line num="217" count="0" type="stmt"/>
        <line num="225" count="0" type="stmt"/>
        <line num="245" count="0" type="stmt"/>
        <line num="250" count="0" type="stmt"/>
        <line num="270" count="0" type="stmt"/>
        <line num="283" count="0" type="stmt"/>
        <line num="296" count="0" type="stmt"/>
      </file>
    </package>
    <package name="Login">
      <metrics statements="44" coveredstatements="8" conditionals="33" coveredconditionals="1" methods="9" coveredmethods="1"/>
      <file name="Login.jsx" path="/home/thanura/Advanced-SE-Project/DocRecords/frontend/src/pages/Login/Login.jsx">
        <metrics statements="44" coveredstatements="8" conditionals="33" coveredconditionals="1" methods="9" coveredmethods="1"/>
        <line num="8" count="4" type="stmt"/>
        <line num="9" count="4" type="stmt"/>
        <line num="10" count="4" type="stmt"/>
        <line num="11" count="4" type="stmt"/>
        <line num="22" count="4" type="stmt"/>
        <line num="24" count="4" type="stmt"/>
        <line num="25" count="0" type="stmt"/>
        <line num="28" count="4" type="stmt"/>
        <line num="29" count="0" type="stmt"/>
        <line num="31" count="0" type="stmt"/>
        <line num="32" count="0" type="cond" truecount="0" falsecount="2"/>
        <line num="33" count="0" type="stmt"/>
        <line num="34" count="0" type="cond" truecount="0" falsecount="2"/>
        <line num="36" count="0" type="stmt"/>
        <line num="42" count="0" type="stmt"/>
        <line num="43" count="0" type="cond" truecount="0" falsecount="2"/>
        <line num="44" count="0" type="stmt"/>
        <line num="45" count="0" type="stmt"/>
        <line num="47" count="0" type="cond" truecount="0" falsecount="2"/>
        <line num="50" count="0" type="stmt"/>
        <line num="56" count="0" type="stmt"/>
        <line num="57" count="0" type="cond" truecount="0" falsecount="2"/>
        <line num="58" count="0" type="stmt"/>
        <line num="59" count="0" type="stmt"/>
        <line num="61" count="0" type="stmt"/>
        <line num="63" count="0" type="cond" truecount="0" falsecount="2"/>
        <line num="64" count="0" type="cond" truecount="0" falsecount="2"/>
        <line num="65" count="0" type="stmt"/>
        <line num="66" count="0" type="stmt"/>
        <line num="68" count="0" type="stmt"/>
        <line num="70" count="0" type="cond" truecount="0" falsecount="2"/>
        <line num="71" count="0" type="stmt"/>
        <line num="72" count="0" type="stmt"/>
        <line num="74" count="0" type="stmt"/>
        <line num="77" count="0" type="cond" truecount="0" falsecount="2"/>
        <line num="81" count="0" type="stmt"/>
        <line num="82" count="0" type="stmt"/>
        <line num="86" count="4" type="stmt"/>
        <line num="99" count="0" type="stmt"/>
        <line num="111" count="0" type="stmt"/>
        <line num="140" count="0" type="stmt"/>
        <line num="175" count="0" type="stmt"/>
        <line num="184" count="0" type="stmt"/>
        <line num="207" count="0" type="stmt"/>
      </file>
    </package>
    <package name="PatientDashboard">
      <metrics statements="60" coveredstatements="45" conditionals="66" coveredconditionals="47" methods="14" coveredmethods="9"/>
      <file name="PatientDashboard.jsx" path="/home/thanura/Advanced-SE-Project/DocRecords/frontend/src/pages/PatientDashboard/PatientDashboard.jsx">
        <metrics statements="60" coveredstatements="45" conditionals="66" coveredconditionals="47" methods="14" coveredmethods="9"/>
        <line num="7" count="17" type="stmt"/>
        <line num="8" count="17" type="cond" truecount="1" falsecount="1"/>
        <line num="10" count="17" type="stmt"/>
        <line num="11" count="17" type="stmt"/>
        <line num="12" count="17" type="stmt"/>
        <line num="13" count="17" type="stmt"/>
        <line num="14" count="17" type="stmt"/>
        <line num="15" count="17" type="stmt"/>
        <line num="17" count="17" type="stmt"/>
        <line num="18" count="5" type="cond" truecount="1" falsecount="1"/>
        <line num="19" count="5" type="stmt"/>
        <line num="20" count="5" type="stmt"/>
        <line num="30" count="5" type="stmt"/>
        <line num="31" count="5" type="stmt"/>
        <line num="32" count="5" type="stmt"/>
        <line num="40" count="5" type="stmt"/>
        <line num="41" count="4" type="cond" truecount="1" falsecount="1"/>
        <line num="42" count="4" type="cond" truecount="2" falsecount="0"/>
        <line num="44" count="0" type="stmt"/>
        <line num="47" count="1" type="stmt"/>
        <line num="51" count="5" type="stmt"/>
        <line num="55" count="17" type="stmt"/>
        <line num="56" count="1" type="stmt"/>
        <line num="57" count="1" type="stmt"/>
        <line num="61" count="17" type="stmt"/>
        <line num="62" count="1" type="stmt"/>
        <line num="63" count="1" type="cond" truecount="1" falsecount="1"/>
        <line num="64" count="0" type="stmt"/>
        <line num="65" count="0" type="stmt"/>
        <line num="68" count="1" type="stmt"/>
        <line num="78" count="1" type="stmt"/>
        <line num="84" count="1" type="stmt"/>
        <line num="86" count="1" type="cond" truecount="1" falsecount="1"/>
        <line num="87" count="1" type="stmt"/>
        <line num="88" count="1" type="stmt"/>
        <line num="89" count="1" type="stmt"/>
        <line num="91" count="0" type="stmt"/>
        <line num="94" count="0" type="stmt"/>
        <line num="95" count="0" type="stmt"/>
        <line num="100" count="17" type="stmt"/>
        <line num="101" count="1" type="stmt"/>
        <line num="102" count="1" type="stmt"/>
        <line num="106" count="1" type="cond" truecount="1" falsecount="1"/>
        <line num="107" count="1" type="stmt"/>
        <line num="108" count="1" type="stmt"/>
        <line num="110" count="0" type="stmt"/>
        <line num="111" count="0" type="stmt"/>
        <line num="114" count="0" type="stmt"/>
        <line num="115" count="0" type="stmt"/>
        <line num="117" count="1" type="stmt"/>
        <line num="121" count="17" type="stmt"/>
        <line num="122" count="0" type="stmt"/>
        <line num="125" count="17" type="stmt"/>
        <line num="144" count="2" type="stmt"/>
        <line num="145" count="1" type="stmt"/>
        <line num="146" count="0" type="stmt"/>
        <line num="155" count="1" type="stmt"/>
        <line num="181" count="0" type="stmt"/>
        <line num="194" count="0" type="stmt"/>
        <line num="207" count="0" type="stmt"/>
      </file>
    </package>
  </project>
</coverage>
