{"/home/thanura/Advanced-SE-Project/DocRecords/frontend/src/pages/DoctorDashboard/DoctorDashboard.jsx": {"path":"/home/thanura/Advanced-SE-Project/DocRecords/frontend/src/pages/DoctorDashboard/DoctorDashboard.jsx","statementMap":{"0":{"start":{"line":7,"column":19},"end":{"line":7,"column":32}},"1":{"start":{"line":8,"column":19},"end":{"line":8,"column":39}},"2":{"start":{"line":10,"column":44},"end":{"line":10,"column":56}},"3":{"start":{"line":11,"column":36},"end":{"line":11,"column":48}},"4":{"start":{"line":12,"column":32},"end":{"line":12,"column":46}},"5":{"start":{"line":13,"column":48},"end":{"line":13,"column":60}},"6":{"start":{"line":14,"column":32},"end":{"line":14,"column":47}},"7":{"start":{"line":16,"column":50},"end":{"line":16,"column":65}},"8":{"start":{"line":17,"column":68},"end":{"line":17,"column":83}},"9":{"start":{"line":18,"column":46},"end":{"line":18,"column":61}},"10":{"start":{"line":19,"column":50},"end":{"line":19,"column":65}},"11":{"start":{"line":20,"column":34},"end":{"line":20,"column":46}},"12":{"start":{"line":22,"column":2},"end":{"line":35,"column":13}},"13":{"start":{"line":23,"column":4},"end":{"line":34,"column":5}},"14":{"start":{"line":24,"column":6},"end":{"line":24,"column":29}},"15":{"start":{"line":25,"column":6},"end":{"line":33,"column":9}},"16":{"start":{"line":37,"column":27},"end":{"line":40,"column":3}},"17":{"start":{"line":38,"column":28},"end":{"line":38,"column":36}},"18":{"start":{"line":39,"column":4},"end":{"line":39,"column":48}},"19":{"start":{"line":42,"column":25},"end":{"line":78,"column":3}},"20":{"start":{"line":43,"column":4},"end":{"line":77,"column":5}},"21":{"start":{"line":44,"column":6},"end":{"line":47,"column":7}},"22":{"start":{"line":45,"column":8},"end":{"line":45,"column":40}},"23":{"start":{"line":46,"column":8},"end":{"line":46,"column":15}},"24":{"start":{"line":49,"column":22},"end":{"line":57,"column":7}},"25":{"start":{"line":59,"column":23},"end":{"line":63,"column":8}},"26":{"start":{"line":65,"column":19},"end":{"line":65,"column":40}},"27":{"start":{"line":67,"column":6},"end":{"line":73,"column":7}},"28":{"start":{"line":68,"column":8},"end":{"line":68,"column":60}},"29":{"start":{"line":69,"column":8},"end":{"line":69,"column":32}},"30":{"start":{"line":70,"column":8},"end":{"line":70,"column":47}},"31":{"start":{"line":72,"column":8},"end":{"line":72,"column":59}},"32":{"start":{"line":75,"column":6},"end":{"line":75,"column":52}},"33":{"start":{"line":76,"column":6},"end":{"line":76,"column":57}},"34":{"start":{"line":80,"column":30},"end":{"line":99,"column":3}},"35":{"start":{"line":81,"column":4},"end":{"line":98,"column":5}},"36":{"start":{"line":82,"column":23},"end":{"line":84,"column":8}},"37":{"start":{"line":86,"column":6},"end":{"line":92,"column":7}},"38":{"start":{"line":87,"column":8},"end":{"line":87,"column":47}},"39":{"start":{"line":88,"column":8},"end":{"line":88,"column":55}},"40":{"start":{"line":90,"column":21},"end":{"line":90,"column":42}},"41":{"start":{"line":91,"column":8},"end":{"line":91,"column":59}},"42":{"start":{"line":94,"column":6},"end":{"line":94,"column":52}},"43":{"start":{"line":95,"column":6},"end":{"line":95,"column":57}},"44":{"start":{"line":97,"column":6},"end":{"line":97,"column":32}},"45":{"start":{"line":101,"column":30},"end":{"line":103,"column":3}},"46":{"start":{"line":102,"column":4},"end":{"line":102,"column":51}},"47":{"start":{"line":106,"column":23},"end":{"line":131,"column":3}},"48":{"start":{"line":107,"column":4},"end":{"line":107,"column":23}},"49":{"start":{"line":108,"column":4},"end":{"line":108,"column":27}},"50":{"start":{"line":108,"column":20},"end":{"line":108,"column":27}},"51":{"start":{"line":110,"column":4},"end":{"line":110,"column":21}},"52":{"start":{"line":111,"column":4},"end":{"line":130,"column":5}},"53":{"start":{"line":112,"column":25},"end":{"line":112,"column":91}},"54":{"start":{"line":113,"column":6},"end":{"line":113,"column":63}},"55":{"start":{"line":113,"column":26},"end":{"line":113,"column":63}},"56":{"start":{"line":114,"column":26},"end":{"line":114,"column":49}},"57":{"start":{"line":116,"column":25},"end":{"line":116,"column":103}},"58":{"start":{"line":117,"column":27},"end":{"line":117,"column":29}},"59":{"start":{"line":118,"column":6},"end":{"line":121,"column":7}},"60":{"start":{"line":119,"column":28},"end":{"line":119,"column":51}},"61":{"start":{"line":120,"column":8},"end":{"line":120,"column":58}},"62":{"start":{"line":123,"column":6},"end":{"line":123,"column":53}},"63":{"start":{"line":125,"column":6},"end":{"line":125,"column":27}},"64":{"start":{"line":126,"column":6},"end":{"line":126,"column":23}},"65":{"start":{"line":127,"column":6},"end":{"line":127,"column":34}},"66":{"start":{"line":129,"column":6},"end":{"line":129,"column":24}},"67":{"start":{"line":133,"column":32},"end":{"line":161,"column":3}},"68":{"start":{"line":134,"column":4},"end":{"line":134,"column":45}},"69":{"start":{"line":134,"column":38},"end":{"line":134,"column":45}},"70":{"start":{"line":136,"column":4},"end":{"line":160,"column":5}},"71":{"start":{"line":137,"column":23},"end":{"line":145,"column":8}},"72":{"start":{"line":147,"column":6},"end":{"line":147,"column":71}},"73":{"start":{"line":147,"column":24},"end":{"line":147,"column":71}},"74":{"start":{"line":148,"column":32},"end":{"line":148,"column":53}},"75":{"start":{"line":150,"column":6},"end":{"line":153,"column":10}},"76":{"start":{"line":150,"column":28},"end":{"line":153,"column":7}},"77":{"start":{"line":155,"column":6},"end":{"line":155,"column":29}},"78":{"start":{"line":156,"column":6},"end":{"line":156,"column":41}},"79":{"start":{"line":158,"column":6},"end":{"line":158,"column":27}},"80":{"start":{"line":159,"column":6},"end":{"line":159,"column":42}},"81":{"start":{"line":163,"column":2},"end":{"line":302,"column":4}},"82":{"start":{"line":183,"column":54},"end":{"line":183,"column":76}},"83":{"start":{"line":184,"column":56},"end":{"line":184,"column":80}},"84":{"start":{"line":185,"column":56},"end":{"line":185,"column":80}},"85":{"start":{"line":197,"column":29},"end":{"line":197,"column":57}},"86":{"start":{"line":217,"column":70},"end":{"line":217,"column":103}},"87":{"start":{"line":225,"column":16},"end":{"line":228,"column":22}},"88":{"start":{"line":245,"column":31},"end":{"line":245,"column":65}},"89":{"start":{"line":250,"column":60},"end":{"line":250,"column":94}},"90":{"start":{"line":270,"column":60},"end":{"line":270,"column":83}},"91":{"start":{"line":283,"column":60},"end":{"line":283,"column":85}},"92":{"start":{"line":296,"column":60},"end":{"line":296,"column":85}}},"fnMap":{"0":{"name":"DoctorDashboard","decl":{"start":{"line":6,"column":9},"end":{"line":6,"column":24}},"loc":{"start":{"line":6,"column":27},"end":{"line":303,"column":1}},"line":6},"1":{"name":"(anonymous_1)","decl":{"start":{"line":22,"column":12},"end":{"line":22,"column":13}},"loc":{"start":{"line":22,"column":18},"end":{"line":35,"column":3}},"line":22},"2":{"name":"(anonymous_2)","decl":{"start":{"line":37,"column":27},"end":{"line":37,"column":28}},"loc":{"start":{"line":37,"column":34},"end":{"line":40,"column":3}},"line":37},"3":{"name":"(anonymous_3)","decl":{"start":{"line":42,"column":25},"end":{"line":42,"column":26}},"loc":{"start":{"line":42,"column":37},"end":{"line":78,"column":3}},"line":42},"4":{"name":"(anonymous_4)","decl":{"start":{"line":80,"column":30},"end":{"line":80,"column":31}},"loc":{"start":{"line":80,"column":42},"end":{"line":99,"column":3}},"line":80},"5":{"name":"(anonymous_5)","decl":{"start":{"line":101,"column":30},"end":{"line":101,"column":31}},"loc":{"start":{"line":101,"column":36},"end":{"line":103,"column":3}},"line":101},"6":{"name":"(anonymous_6)","decl":{"start":{"line":106,"column":23},"end":{"line":106,"column":24}},"loc":{"start":{"line":106,"column":36},"end":{"line":131,"column":3}},"line":106},"7":{"name":"(anonymous_7)","decl":{"start":{"line":133,"column":32},"end":{"line":133,"column":33}},"loc":{"start":{"line":133,"column":44},"end":{"line":161,"column":3}},"line":133},"8":{"name":"(anonymous_8)","decl":{"start":{"line":150,"column":17},"end":{"line":150,"column":18}},"loc":{"start":{"line":150,"column":28},"end":{"line":153,"column":7}},"line":150},"9":{"name":"(anonymous_9)","decl":{"start":{"line":183,"column":48},"end":{"line":183,"column":49}},"loc":{"start":{"line":183,"column":54},"end":{"line":183,"column":76}},"line":183},"10":{"name":"(anonymous_10)","decl":{"start":{"line":184,"column":50},"end":{"line":184,"column":51}},"loc":{"start":{"line":184,"column":56},"end":{"line":184,"column":80}},"line":184},"11":{"name":"(anonymous_11)","decl":{"start":{"line":185,"column":50},"end":{"line":185,"column":51}},"loc":{"start":{"line":185,"column":56},"end":{"line":185,"column":80}},"line":185},"12":{"name":"(anonymous_12)","decl":{"start":{"line":197,"column":22},"end":{"line":197,"column":23}},"loc":{"start":{"line":197,"column":29},"end":{"line":197,"column":57}},"line":197},"13":{"name":"(anonymous_13)","decl":{"start":{"line":217,"column":64},"end":{"line":217,"column":65}},"loc":{"start":{"line":217,"column":70},"end":{"line":217,"column":103}},"line":217},"14":{"name":"(anonymous_14)","decl":{"start":{"line":224,"column":41},"end":{"line":224,"column":42}},"loc":{"start":{"line":225,"column":16},"end":{"line":228,"column":22}},"line":225},"15":{"name":"(anonymous_15)","decl":{"start":{"line":245,"column":24},"end":{"line":245,"column":25}},"loc":{"start":{"line":245,"column":31},"end":{"line":245,"column":65}},"line":245},"16":{"name":"(anonymous_16)","decl":{"start":{"line":250,"column":54},"end":{"line":250,"column":55}},"loc":{"start":{"line":250,"column":60},"end":{"line":250,"column":94}},"line":250},"17":{"name":"(anonymous_17)","decl":{"start":{"line":270,"column":54},"end":{"line":270,"column":55}},"loc":{"start":{"line":270,"column":60},"end":{"line":270,"column":83}},"line":270},"18":{"name":"(anonymous_18)","decl":{"start":{"line":283,"column":54},"end":{"line":283,"column":55}},"loc":{"start":{"line":283,"column":60},"end":{"line":283,"column":85}},"line":283},"19":{"name":"(anonymous_19)","decl":{"start":{"line":296,"column":54},"end":{"line":296,"column":55}},"loc":{"start":{"line":296,"column":60},"end":{"line":296,"column":85}},"line":296}},"branchMap":{"0":{"loc":{"start":{"line":8,"column":19},"end":{"line":8,"column":39}},"type":"binary-expr","locations":[{"start":{"line":8,"column":19},"end":{"line":8,"column":33}},{"start":{"line":8,"column":37},"end":{"line":8,"column":39}}],"line":8},"1":{"loc":{"start":{"line":23,"column":4},"end":{"line":34,"column":5}},"type":"if","locations":[{"start":{"line":23,"column":4},"end":{"line":34,"column":5}},{"start":{},"end":{}}],"line":23},"2":{"loc":{"start":{"line":26,"column":18},"end":{"line":26,"column":37}},"type":"binary-expr","locations":[{"start":{"line":26,"column":18},"end":{"line":26,"column":31}},{"start":{"line":26,"column":35},"end":{"line":26,"column":37}}],"line":26},"3":{"loc":{"start":{"line":27,"column":13},"end":{"line":27,"column":27}},"type":"binary-expr","locations":[{"start":{"line":27,"column":13},"end":{"line":27,"column":21}},{"start":{"line":27,"column":25},"end":{"line":27,"column":27}}],"line":27},"4":{"loc":{"start":{"line":28,"column":18},"end":{"line":28,"column":66}},"type":"cond-expr","locations":[{"start":{"line":28,"column":34},"end":{"line":28,"column":61}},{"start":{"line":28,"column":64},"end":{"line":28,"column":66}}],"line":28},"5":{"loc":{"start":{"line":29,"column":16},"end":{"line":29,"column":33}},"type":"binary-expr","locations":[{"start":{"line":29,"column":16},"end":{"line":29,"column":27}},{"start":{"line":29,"column":31},"end":{"line":29,"column":33}}],"line":29},"6":{"loc":{"start":{"line":30,"column":15},"end":{"line":30,"column":31}},"type":"binary-expr","locations":[{"start":{"line":30,"column":15},"end":{"line":30,"column":25}},{"start":{"line":30,"column":29},"end":{"line":30,"column":31}}],"line":30},"7":{"loc":{"start":{"line":31,"column":16},"end":{"line":31,"column":33}},"type":"binary-expr","locations":[{"start":{"line":31,"column":16},"end":{"line":31,"column":27}},{"start":{"line":31,"column":31},"end":{"line":31,"column":33}}],"line":31},"8":{"loc":{"start":{"line":32,"column":17},"end":{"line":32,"column":35}},"type":"binary-expr","locations":[{"start":{"line":32,"column":17},"end":{"line":32,"column":29}},{"start":{"line":32,"column":33},"end":{"line":32,"column":35}}],"line":32},"9":{"loc":{"start":{"line":44,"column":6},"end":{"line":47,"column":7}},"type":"if","locations":[{"start":{"line":44,"column":6},"end":{"line":47,"column":7}},{"start":{},"end":{}}],"line":44},"10":{"loc":{"start":{"line":50,"column":15},"end":{"line":50,"column":35}},"type":"binary-expr","locations":[{"start":{"line":50,"column":15},"end":{"line":50,"column":29}},{"start":{"line":50,"column":33},"end":{"line":50,"column":35}}],"line":50},"11":{"loc":{"start":{"line":52,"column":13},"end":{"line":52,"column":33}},"type":"binary-expr","locations":[{"start":{"line":52,"column":13},"end":{"line":52,"column":25}},{"start":{"line":52,"column":29},"end":{"line":52,"column":33}}],"line":52},"12":{"loc":{"start":{"line":53,"column":16},"end":{"line":53,"column":39}},"type":"binary-expr","locations":[{"start":{"line":53,"column":16},"end":{"line":53,"column":31}},{"start":{"line":53,"column":35},"end":{"line":53,"column":39}}],"line":53},"13":{"loc":{"start":{"line":54,"column":18},"end":{"line":54,"column":43}},"type":"binary-expr","locations":[{"start":{"line":54,"column":18},"end":{"line":54,"column":35}},{"start":{"line":54,"column":39},"end":{"line":54,"column":43}}],"line":54},"14":{"loc":{"start":{"line":55,"column":16},"end":{"line":55,"column":37}},"type":"binary-expr","locations":[{"start":{"line":55,"column":16},"end":{"line":55,"column":31}},{"start":{"line":55,"column":35},"end":{"line":55,"column":37}}],"line":55},"15":{"loc":{"start":{"line":56,"column":18},"end":{"line":56,"column":42}},"type":"binary-expr","locations":[{"start":{"line":56,"column":18},"end":{"line":56,"column":34}},{"start":{"line":56,"column":38},"end":{"line":56,"column":42}}],"line":56},"16":{"loc":{"start":{"line":67,"column":6},"end":{"line":73,"column":7}},"type":"if","locations":[{"start":{"line":67,"column":6},"end":{"line":73,"column":7}},{"start":{"line":71,"column":13},"end":{"line":73,"column":7}}],"line":67},"17":{"loc":{"start":{"line":86,"column":6},"end":{"line":92,"column":7}},"type":"if","locations":[{"start":{"line":86,"column":6},"end":{"line":92,"column":7}},{"start":{"line":89,"column":13},"end":{"line":92,"column":7}}],"line":86},"18":{"loc":{"start":{"line":108,"column":4},"end":{"line":108,"column":27}},"type":"if","locations":[{"start":{"line":108,"column":4},"end":{"line":108,"column":27}},{"start":{},"end":{}}],"line":108},"19":{"loc":{"start":{"line":113,"column":6},"end":{"line":113,"column":63}},"type":"if","locations":[{"start":{"line":113,"column":6},"end":{"line":113,"column":63}},{"start":{},"end":{}}],"line":113},"20":{"loc":{"start":{"line":118,"column":6},"end":{"line":121,"column":7}},"type":"if","locations":[{"start":{"line":118,"column":6},"end":{"line":121,"column":7}},{"start":{},"end":{}}],"line":118},"21":{"loc":{"start":{"line":120,"column":25},"end":{"line":120,"column":57}},"type":"binary-expr","locations":[{"start":{"line":120,"column":25},"end":{"line":120,"column":51}},{"start":{"line":120,"column":55},"end":{"line":120,"column":57}}],"line":120},"22":{"loc":{"start":{"line":134,"column":4},"end":{"line":134,"column":45}},"type":"if","locations":[{"start":{"line":134,"column":4},"end":{"line":134,"column":45}},{"start":{},"end":{}}],"line":134},"23":{"loc":{"start":{"line":134,"column":8},"end":{"line":134,"column":36}},"type":"binary-expr","locations":[{"start":{"line":134,"column":8},"end":{"line":134,"column":24}},{"start":{"line":134,"column":28},"end":{"line":134,"column":36}}],"line":134},"24":{"loc":{"start":{"line":147,"column":6},"end":{"line":147,"column":71}},"type":"if","locations":[{"start":{"line":147,"column":6},"end":{"line":147,"column":71}},{"start":{},"end":{}}],"line":147},"25":{"loc":{"start":{"line":165,"column":20},"end":{"line":165,"column":54}},"type":"binary-expr","locations":[{"start":{"line":165,"column":20},"end":{"line":165,"column":42}},{"start":{"line":165,"column":46},"end":{"line":165,"column":54}}],"line":165},"26":{"loc":{"start":{"line":171,"column":42},"end":{"line":171,"column":65}},"type":"binary-expr","locations":[{"start":{"line":171,"column":42},"end":{"line":171,"column":58}},{"start":{"line":171,"column":62},"end":{"line":171,"column":65}}],"line":171},"27":{"loc":{"start":{"line":172,"column":44},"end":{"line":172,"column":73}},"type":"binary-expr","locations":[{"start":{"line":172,"column":44},"end":{"line":172,"column":66}},{"start":{"line":172,"column":70},"end":{"line":172,"column":73}}],"line":172},"28":{"loc":{"start":{"line":173,"column":38},"end":{"line":173,"column":62}},"type":"binary-expr","locations":[{"start":{"line":173,"column":38},"end":{"line":173,"column":55}},{"start":{"line":173,"column":59},"end":{"line":173,"column":62}}],"line":173},"29":{"loc":{"start":{"line":174,"column":41},"end":{"line":174,"column":68}},"type":"binary-expr","locations":[{"start":{"line":174,"column":41},"end":{"line":174,"column":61}},{"start":{"line":174,"column":65},"end":{"line":174,"column":68}}],"line":174},"30":{"loc":{"start":{"line":175,"column":43},"end":{"line":175,"column":127}},"type":"cond-expr","locations":[{"start":{"line":175,"column":68},"end":{"line":175,"column":121}},{"start":{"line":175,"column":124},"end":{"line":175,"column":127}}],"line":175},"31":{"loc":{"start":{"line":176,"column":41},"end":{"line":176,"column":68}},"type":"binary-expr","locations":[{"start":{"line":176,"column":41},"end":{"line":176,"column":61}},{"start":{"line":176,"column":65},"end":{"line":176,"column":68}}],"line":176},"32":{"loc":{"start":{"line":177,"column":40},"end":{"line":177,"column":66}},"type":"binary-expr","locations":[{"start":{"line":177,"column":40},"end":{"line":177,"column":59}},{"start":{"line":177,"column":63},"end":{"line":177,"column":66}}],"line":177},"33":{"loc":{"start":{"line":178,"column":46},"end":{"line":178,"column":74}},"type":"binary-expr","locations":[{"start":{"line":178,"column":46},"end":{"line":178,"column":67}},{"start":{"line":178,"column":71},"end":{"line":178,"column":74}}],"line":178},"34":{"loc":{"start":{"line":201,"column":13},"end":{"line":201,"column":48}},"type":"cond-expr","locations":[{"start":{"line":201,"column":23},"end":{"line":201,"column":37}},{"start":{"line":201,"column":40},"end":{"line":201,"column":48}}],"line":201},"35":{"loc":{"start":{"line":206,"column":7},"end":{"line":235,"column":7}},"type":"binary-expr","locations":[{"start":{"line":206,"column":7},"end":{"line":206,"column":14}},{"start":{"line":207,"column":8},"end":{"line":234,"column":18}}],"line":206},"36":{"loc":{"start":{"line":223,"column":13},"end":{"line":232,"column":13}},"type":"cond-expr","locations":[{"start":{"line":224,"column":14},"end":{"line":229,"column":16}},{"start":{"line":231,"column":14},"end":{"line":231,"column":50}}],"line":223},"37":{"loc":{"start":{"line":238,"column":7},"end":{"line":254,"column":7}},"type":"binary-expr","locations":[{"start":{"line":238,"column":7},"end":{"line":238,"column":33}},{"start":{"line":239,"column":8},"end":{"line":253,"column":14}}],"line":238},"38":{"loc":{"start":{"line":257,"column":7},"end":{"line":274,"column":7}},"type":"binary-expr","locations":[{"start":{"line":257,"column":7},"end":{"line":257,"column":22}},{"start":{"line":258,"column":8},"end":{"line":273,"column":14}}],"line":257},"39":{"loc":{"start":{"line":277,"column":7},"end":{"line":287,"column":7}},"type":"binary-expr","locations":[{"start":{"line":277,"column":7},"end":{"line":277,"column":24}},{"start":{"line":278,"column":8},"end":{"line":286,"column":14}}],"line":277},"40":{"loc":{"start":{"line":290,"column":7},"end":{"line":300,"column":7}},"type":"binary-expr","locations":[{"start":{"line":290,"column":7},"end":{"line":290,"column":24}},{"start":{"line":291,"column":8},"end":{"line":299,"column":14}}],"line":290}},"s":{"0":19,"1":19,"2":19,"3":19,"4":19,"5":19,"6":19,"7":19,"8":19,"9":19,"10":19,"11":19,"12":19,"13":6,"14":6,"15":6,"16":19,"17":1,"18":1,"19":19,"20":1,"21":1,"22":0,"23":0,"24":1,"25":1,"26":1,"27":1,"28":1,"29":1,"30":1,"31":0,"32":0,"33":0,"34":19,"35":1,"36":1,"37":1,"38":1,"39":1,"40":0,"41":0,"42":0,"43":0,"44":1,"45":19,"46":0,"47":19,"48":0,"49":0,"50":0,"51":0,"52":0,"53":0,"54":0,"55":0,"56":0,"57":0,"58":0,"59":0,"60":0,"61":0,"62":0,"63":0,"64":0,"65":0,"66":0,"67":19,"68":0,"69":0,"70":0,"71":0,"72":0,"73":0,"74":0,"75":0,"76":0,"77":0,"78":0,"79":0,"80":0,"81":19,"82":2,"83":1,"84":0,"85":2,"86":0,"87":0,"88":0,"89":0,"90":0,"91":0,"92":0},"f":{"0":19,"1":6,"2":1,"3":1,"4":1,"5":0,"6":0,"7":0,"8":0,"9":2,"10":1,"11":0,"12":2,"13":0,"14":0,"15":0,"16":0,"17":0,"18":0,"19":0},"b":{"0":[19,0],"1":[6,0],"2":[6,0],"3":[6,0],"4":[6,0],"5":[6,0],"6":[6,0],"7":[6,0],"8":[6,0],"9":[0,1],"10":[1,0],"11":[1,0],"12":[1,0],"13":[1,0],"14":[1,0],"15":[1,0],"16":[1,0],"17":[1,0],"18":[0,0],"19":[0,0],"20":[0,0],"21":[0,0],"22":[0,0],"23":[0,0],"24":[0,0],"25":[19,6],"26":[19,6],"27":[19,6],"28":[19,6],"29":[19,6],"30":[13,6],"31":[19,6],"32":[19,6],"33":[19,6],"34":[0,19],"35":[19,0],"36":[0,0],"37":[19,0],"38":[19,3],"39":[19,1],"40":[19,0]},"_coverageSchema":"1a1c01bbd47fc00a2c39e90264f33305004495a9","hash":"bf9c5424f8b81e5d12217430acd0c0745b9d5560"}
,"/home/thanura/Advanced-SE-Project/DocRecords/frontend/src/pages/Login/Login.jsx": {"path":"/home/thanura/Advanced-SE-Project/DocRecords/frontend/src/pages/Login/Login.jsx","statementMap":{"0":{"start":{"line":8,"column":34},"end":{"line":8,"column":49}},"1":{"start":{"line":9,"column":36},"end":{"line":9,"column":51}},"2":{"start":{"line":10,"column":26},"end":{"line":10,"column":45}},"3":{"start":{"line":11,"column":34},"end":{"line":20,"column":4}},"4":{"start":{"line":22,"column":19},"end":{"line":22,"column":32}},"5":{"start":{"line":24,"column":23},"end":{"line":26,"column":3}},"6":{"start":{"line":25,"column":4},"end":{"line":25,"column":66}},"7":{"start":{"line":28,"column":23},"end":{"line":84,"column":3}},"8":{"start":{"line":29,"column":4},"end":{"line":29,"column":23}},"9":{"start":{"line":31,"column":4},"end":{"line":83,"column":5}},"10":{"start":{"line":32,"column":6},"end":{"line":79,"column":7}},"11":{"start":{"line":33,"column":24},"end":{"line":33,"column":45}},"12":{"start":{"line":34,"column":8},"end":{"line":34,"column":54}},"13":{"start":{"line":34,"column":31},"end":{"line":34,"column":54}},"14":{"start":{"line":36,"column":25},"end":{"line":40,"column":10}},"15":{"start":{"line":42,"column":21},"end":{"line":42,"column":42}},"16":{"start":{"line":43,"column":8},"end":{"line":48,"column":9}},"17":{"start":{"line":44,"column":10},"end":{"line":44,"column":52}},"18":{"start":{"line":45,"column":10},"end":{"line":45,"column":29}},"19":{"start":{"line":47,"column":10},"end":{"line":47,"column":50}},"20":{"start":{"line":50,"column":25},"end":{"line":54,"column":10}},"21":{"start":{"line":56,"column":21},"end":{"line":56,"column":42}},"22":{"start":{"line":57,"column":8},"end":{"line":78,"column":9}},"23":{"start":{"line":58,"column":10},"end":{"line":58,"column":52}},"24":{"start":{"line":59,"column":10},"end":{"line":59,"column":45}},"25":{"start":{"line":61,"column":27},"end":{"line":61,"column":46}},"26":{"start":{"line":63,"column":10},"end":{"line":75,"column":11}},"27":{"start":{"line":64,"column":12},"end":{"line":67,"column":13}},"28":{"start":{"line":65,"column":14},"end":{"line":65,"column":91}},"29":{"start":{"line":66,"column":14},"end":{"line":66,"column":21}},"30":{"start":{"line":68,"column":12},"end":{"line":68,"column":64}},"31":{"start":{"line":70,"column":12},"end":{"line":73,"column":13}},"32":{"start":{"line":71,"column":14},"end":{"line":71,"column":64}},"33":{"start":{"line":72,"column":14},"end":{"line":72,"column":21}},"34":{"start":{"line":74,"column":12},"end":{"line":74,"column":65}},"35":{"start":{"line":77,"column":10},"end":{"line":77,"column":49}},"36":{"start":{"line":81,"column":6},"end":{"line":81,"column":25}},"37":{"start":{"line":82,"column":6},"end":{"line":82,"column":29}},"38":{"start":{"line":86,"column":2},"end":{"line":217,"column":4}},"39":{"start":{"line":99,"column":55},"end":{"line":99,"column":73}},"40":{"start":{"line":111,"column":57},"end":{"line":111,"column":75}},"41":{"start":{"line":140,"column":57},"end":{"line":140,"column":76}},"42":{"start":{"line":175,"column":37},"end":{"line":175,"column":60}},"43":{"start":{"line":184,"column":37},"end":{"line":184,"column":60}},"44":{"start":{"line":207,"column":31},"end":{"line":207,"column":53}}},"fnMap":{"0":{"name":"Login","decl":{"start":{"line":7,"column":9},"end":{"line":7,"column":14}},"loc":{"start":{"line":7,"column":17},"end":{"line":218,"column":1}},"line":7},"1":{"name":"(anonymous_1)","decl":{"start":{"line":24,"column":23},"end":{"line":24,"column":24}},"loc":{"start":{"line":24,"column":30},"end":{"line":26,"column":3}},"line":24},"2":{"name":"(anonymous_2)","decl":{"start":{"line":28,"column":23},"end":{"line":28,"column":24}},"loc":{"start":{"line":28,"column":36},"end":{"line":84,"column":3}},"line":28},"3":{"name":"(anonymous_3)","decl":{"start":{"line":99,"column":49},"end":{"line":99,"column":50}},"loc":{"start":{"line":99,"column":55},"end":{"line":99,"column":73}},"line":99},"4":{"name":"(anonymous_4)","decl":{"start":{"line":111,"column":51},"end":{"line":111,"column":52}},"loc":{"start":{"line":111,"column":57},"end":{"line":111,"column":75}},"line":111},"5":{"name":"(anonymous_5)","decl":{"start":{"line":140,"column":51},"end":{"line":140,"column":52}},"loc":{"start":{"line":140,"column":57},"end":{"line":140,"column":76}},"line":140},"6":{"name":"(anonymous_6)","decl":{"start":{"line":175,"column":30},"end":{"line":175,"column":31}},"loc":{"start":{"line":175,"column":37},"end":{"line":175,"column":60}},"line":175},"7":{"name":"(anonymous_7)","decl":{"start":{"line":184,"column":30},"end":{"line":184,"column":31}},"loc":{"start":{"line":184,"column":37},"end":{"line":184,"column":60}},"line":184},"8":{"name":"(anonymous_8)","decl":{"start":{"line":207,"column":25},"end":{"line":207,"column":26}},"loc":{"start":{"line":207,"column":31},"end":{"line":207,"column":53}},"line":207}},"branchMap":{"0":{"loc":{"start":{"line":32,"column":6},"end":{"line":79,"column":7}},"type":"if","locations":[{"start":{"line":32,"column":6},"end":{"line":79,"column":7}},{"start":{"line":49,"column":13},"end":{"line":79,"column":7}}],"line":32},"1":{"loc":{"start":{"line":34,"column":8},"end":{"line":34,"column":54}},"type":"if","locations":[{"start":{"line":34,"column":8},"end":{"line":34,"column":54}},{"start":{},"end":{}}],"line":34},"2":{"loc":{"start":{"line":43,"column":8},"end":{"line":48,"column":9}},"type":"if","locations":[{"start":{"line":43,"column":8},"end":{"line":48,"column":9}},{"start":{"line":46,"column":15},"end":{"line":48,"column":9}}],"line":43},"3":{"loc":{"start":{"line":47,"column":16},"end":{"line":47,"column":48}},"type":"binary-expr","locations":[{"start":{"line":47,"column":16},"end":{"line":47,"column":28}},{"start":{"line":47,"column":32},"end":{"line":47,"column":48}}],"line":47},"4":{"loc":{"start":{"line":57,"column":8},"end":{"line":78,"column":9}},"type":"if","locations":[{"start":{"line":57,"column":8},"end":{"line":78,"column":9}},{"start":{"line":76,"column":15},"end":{"line":78,"column":9}}],"line":57},"5":{"loc":{"start":{"line":63,"column":10},"end":{"line":75,"column":11}},"type":"if","locations":[{"start":{"line":63,"column":10},"end":{"line":75,"column":11}},{"start":{"line":69,"column":17},"end":{"line":75,"column":11}}],"line":63},"6":{"loc":{"start":{"line":64,"column":12},"end":{"line":67,"column":13}},"type":"if","locations":[{"start":{"line":64,"column":12},"end":{"line":67,"column":13}},{"start":{},"end":{}}],"line":64},"7":{"loc":{"start":{"line":70,"column":12},"end":{"line":73,"column":13}},"type":"if","locations":[{"start":{"line":70,"column":12},"end":{"line":73,"column":13}},{"start":{},"end":{}}],"line":70},"8":{"loc":{"start":{"line":77,"column":16},"end":{"line":77,"column":47}},"type":"binary-expr","locations":[{"start":{"line":77,"column":16},"end":{"line":77,"column":28}},{"start":{"line":77,"column":32},"end":{"line":77,"column":47}}],"line":77},"9":{"loc":{"start":{"line":137,"column":7},"end":{"line":214,"column":7}},"type":"binary-expr","locations":[{"start":{"line":137,"column":7},"end":{"line":137,"column":16}},{"start":{"line":138,"column":8},"end":{"line":213,"column":14}}],"line":137},"10":{"loc":{"start":{"line":141,"column":17},"end":{"line":141,"column":49}},"type":"cond-expr","locations":[{"start":{"line":141,"column":28},"end":{"line":141,"column":37}},{"start":{"line":141,"column":40},"end":{"line":141,"column":49}}],"line":141},"11":{"loc":{"start":{"line":143,"column":15},"end":{"line":161,"column":15}},"type":"binary-expr","locations":[{"start":{"line":143,"column":15},"end":{"line":143,"column":23}},{"start":{"line":144,"column":16},"end":{"line":160,"column":19}}],"line":143},"12":{"loc":{"start":{"line":190,"column":15},"end":{"line":195,"column":15}},"type":"binary-expr","locations":[{"start":{"line":190,"column":15},"end":{"line":190,"column":23}},{"start":{"line":190,"column":27},"end":{"line":190,"column":44}},{"start":{"line":191,"column":16},"end":{"line":194,"column":19}}],"line":190},"13":{"loc":{"start":{"line":198,"column":17},"end":{"line":198,"column":49}},"type":"cond-expr","locations":[{"start":{"line":198,"column":28},"end":{"line":198,"column":37}},{"start":{"line":198,"column":40},"end":{"line":198,"column":49}}],"line":198},"14":{"loc":{"start":{"line":203,"column":15},"end":{"line":203,"column":68}},"type":"cond-expr","locations":[{"start":{"line":203,"column":26},"end":{"line":203,"column":52}},{"start":{"line":203,"column":55},"end":{"line":203,"column":68}}],"line":203},"15":{"loc":{"start":{"line":209,"column":17},"end":{"line":209,"column":49}},"type":"cond-expr","locations":[{"start":{"line":209,"column":28},"end":{"line":209,"column":37}},{"start":{"line":209,"column":40},"end":{"line":209,"column":49}}],"line":209}},"s":{"0":4,"1":4,"2":4,"3":4,"4":4,"5":4,"6":0,"7":4,"8":0,"9":0,"10":0,"11":0,"12":0,"13":0,"14":0,"15":0,"16":0,"17":0,"18":0,"19":0,"20":0,"21":0,"22":0,"23":0,"24":0,"25":0,"26":0,"27":0,"28":0,"29":0,"30":0,"31":0,"32":0,"33":0,"34":0,"35":0,"36":0,"37":0,"38":4,"39":0,"40":0,"41":0,"42":0,"43":0,"44":0},"f":{"0":4,"1":0,"2":0,"3":0,"4":0,"5":0,"6":0,"7":0,"8":0},"b":{"0":[0,0],"1":[0,0],"2":[0,0],"3":[0,0],"4":[0,0],"5":[0,0],"6":[0,0],"7":[0,0],"8":[0,0],"9":[4,0],"10":[0,0],"11":[0,0],"12":[0,0,0],"13":[0,0],"14":[0,0],"15":[0,0]},"_coverageSchema":"1a1c01bbd47fc00a2c39e90264f33305004495a9","hash":"c6134de7f6d89ccf97a3ca24a97e47c2c36cf6de"}
,"/home/thanura/Advanced-SE-Project/DocRecords/frontend/src/pages/PatientDashboard/PatientDashboard.jsx": {"path":"/home/thanura/Advanced-SE-Project/DocRecords/frontend/src/pages/PatientDashboard/PatientDashboard.jsx","statementMap":{"0":{"start":{"line":7,"column":19},"end":{"line":7,"column":32}},"1":{"start":{"line":8,"column":19},"end":{"line":8,"column":39}},"2":{"start":{"line":10,"column":32},"end":{"line":10,"column":44}},"3":{"start":{"line":11,"column":32},"end":{"line":11,"column":44}},"4":{"start":{"line":12,"column":46},"end":{"line":12,"column":61}},"5":{"start":{"line":13,"column":50},"end":{"line":13,"column":65}},"6":{"start":{"line":14,"column":50},"end":{"line":14,"column":65}},"7":{"start":{"line":15,"column":34},"end":{"line":15,"column":46}},"8":{"start":{"line":17,"column":2},"end":{"line":53,"column":13}},"9":{"start":{"line":18,"column":4},"end":{"line":52,"column":5}},"10":{"start":{"line":19,"column":6},"end":{"line":19,"column":23}},"11":{"start":{"line":20,"column":6},"end":{"line":28,"column":9}},"12":{"start":{"line":30,"column":34},"end":{"line":49,"column":7}},"13":{"start":{"line":31,"column":8},"end":{"line":48,"column":9}},"14":{"start":{"line":32,"column":27},"end":{"line":38,"column":11}},"15":{"start":{"line":40,"column":23},"end":{"line":40,"column":44}},"16":{"start":{"line":41,"column":10},"end":{"line":45,"column":11}},"17":{"start":{"line":42,"column":12},"end":{"line":42,"column":50}},"18":{"start":{"line":44,"column":12},"end":{"line":44,"column":76}},"19":{"start":{"line":47,"column":10},"end":{"line":47,"column":64}},"20":{"start":{"line":51,"column":6},"end":{"line":51,"column":28}},"21":{"start":{"line":55,"column":27},"end":{"line":58,"column":3}},"22":{"start":{"line":56,"column":28},"end":{"line":56,"column":36}},"23":{"start":{"line":57,"column":4},"end":{"line":57,"column":48}},"24":{"start":{"line":61,"column":25},"end":{"line":97,"column":3}},"25":{"start":{"line":62,"column":4},"end":{"line":96,"column":5}},"26":{"start":{"line":63,"column":6},"end":{"line":66,"column":7}},"27":{"start":{"line":64,"column":8},"end":{"line":64,"column":40}},"28":{"start":{"line":65,"column":8},"end":{"line":65,"column":15}},"29":{"start":{"line":68,"column":22},"end":{"line":76,"column":7}},"30":{"start":{"line":78,"column":23},"end":{"line":82,"column":8}},"31":{"start":{"line":84,"column":19},"end":{"line":84,"column":40}},"32":{"start":{"line":86,"column":6},"end":{"line":92,"column":7}},"33":{"start":{"line":87,"column":8},"end":{"line":87,"column":48}},"34":{"start":{"line":88,"column":8},"end":{"line":88,"column":32}},"35":{"start":{"line":89,"column":8},"end":{"line":89,"column":47}},"36":{"start":{"line":91,"column":8},"end":{"line":91,"column":59}},"37":{"start":{"line":94,"column":6},"end":{"line":94,"column":52}},"38":{"start":{"line":95,"column":6},"end":{"line":95,"column":57}},"39":{"start":{"line":100,"column":30},"end":{"line":119,"column":3}},"40":{"start":{"line":101,"column":4},"end":{"line":118,"column":5}},"41":{"start":{"line":102,"column":23},"end":{"line":104,"column":8}},"42":{"start":{"line":106,"column":6},"end":{"line":112,"column":7}},"43":{"start":{"line":107,"column":8},"end":{"line":107,"column":47}},"44":{"start":{"line":108,"column":8},"end":{"line":108,"column":55}},"45":{"start":{"line":110,"column":21},"end":{"line":110,"column":42}},"46":{"start":{"line":111,"column":8},"end":{"line":111,"column":59}},"47":{"start":{"line":114,"column":6},"end":{"line":114,"column":52}},"48":{"start":{"line":115,"column":6},"end":{"line":115,"column":57}},"49":{"start":{"line":117,"column":6},"end":{"line":117,"column":32}},"50":{"start":{"line":121,"column":30},"end":{"line":123,"column":3}},"51":{"start":{"line":122,"column":4},"end":{"line":122,"column":51}},"52":{"start":{"line":125,"column":2},"end":{"line":213,"column":4}},"53":{"start":{"line":144,"column":54},"end":{"line":144,"column":76}},"54":{"start":{"line":145,"column":56},"end":{"line":145,"column":80}},"55":{"start":{"line":146,"column":56},"end":{"line":146,"column":80}},"56":{"start":{"line":155,"column":14},"end":{"line":159,"column":20}},"57":{"start":{"line":181,"column":60},"end":{"line":181,"column":83}},"58":{"start":{"line":194,"column":60},"end":{"line":194,"column":85}},"59":{"start":{"line":207,"column":60},"end":{"line":207,"column":85}}},"fnMap":{"0":{"name":"PatientDashboard","decl":{"start":{"line":6,"column":9},"end":{"line":6,"column":25}},"loc":{"start":{"line":6,"column":28},"end":{"line":214,"column":1}},"line":6},"1":{"name":"(anonymous_1)","decl":{"start":{"line":17,"column":12},"end":{"line":17,"column":13}},"loc":{"start":{"line":17,"column":18},"end":{"line":53,"column":3}},"line":17},"2":{"name":"(anonymous_2)","decl":{"start":{"line":30,"column":34},"end":{"line":30,"column":35}},"loc":{"start":{"line":30,"column":46},"end":{"line":49,"column":7}},"line":30},"3":{"name":"(anonymous_3)","decl":{"start":{"line":55,"column":27},"end":{"line":55,"column":28}},"loc":{"start":{"line":55,"column":34},"end":{"line":58,"column":3}},"line":55},"4":{"name":"(anonymous_4)","decl":{"start":{"line":61,"column":25},"end":{"line":61,"column":26}},"loc":{"start":{"line":61,"column":37},"end":{"line":97,"column":3}},"line":61},"5":{"name":"(anonymous_5)","decl":{"start":{"line":100,"column":30},"end":{"line":100,"column":31}},"loc":{"start":{"line":100,"column":42},"end":{"line":119,"column":3}},"line":100},"6":{"name":"(anonymous_6)","decl":{"start":{"line":121,"column":30},"end":{"line":121,"column":31}},"loc":{"start":{"line":121,"column":36},"end":{"line":123,"column":3}},"line":121},"7":{"name":"(anonymous_7)","decl":{"start":{"line":144,"column":48},"end":{"line":144,"column":49}},"loc":{"start":{"line":144,"column":54},"end":{"line":144,"column":76}},"line":144},"8":{"name":"(anonymous_8)","decl":{"start":{"line":145,"column":50},"end":{"line":145,"column":51}},"loc":{"start":{"line":145,"column":56},"end":{"line":145,"column":80}},"line":145},"9":{"name":"(anonymous_9)","decl":{"start":{"line":146,"column":50},"end":{"line":146,"column":51}},"loc":{"start":{"line":146,"column":56},"end":{"line":146,"column":80}},"line":146},"10":{"name":"(anonymous_10)","decl":{"start":{"line":154,"column":24},"end":{"line":154,"column":25}},"loc":{"start":{"line":155,"column":14},"end":{"line":159,"column":20}},"line":155},"11":{"name":"(anonymous_11)","decl":{"start":{"line":181,"column":54},"end":{"line":181,"column":55}},"loc":{"start":{"line":181,"column":60},"end":{"line":181,"column":83}},"line":181},"12":{"name":"(anonymous_12)","decl":{"start":{"line":194,"column":54},"end":{"line":194,"column":55}},"loc":{"start":{"line":194,"column":60},"end":{"line":194,"column":85}},"line":194},"13":{"name":"(anonymous_13)","decl":{"start":{"line":207,"column":54},"end":{"line":207,"column":55}},"loc":{"start":{"line":207,"column":60},"end":{"line":207,"column":85}},"line":207}},"branchMap":{"0":{"loc":{"start":{"line":8,"column":19},"end":{"line":8,"column":39}},"type":"binary-expr","locations":[{"start":{"line":8,"column":19},"end":{"line":8,"column":33}},{"start":{"line":8,"column":37},"end":{"line":8,"column":39}}],"line":8},"1":{"loc":{"start":{"line":18,"column":4},"end":{"line":52,"column":5}},"type":"if","locations":[{"start":{"line":18,"column":4},"end":{"line":52,"column":5}},{"start":{},"end":{}}],"line":18},"2":{"loc":{"start":{"line":21,"column":18},"end":{"line":21,"column":37}},"type":"binary-expr","locations":[{"start":{"line":21,"column":18},"end":{"line":21,"column":31}},{"start":{"line":21,"column":35},"end":{"line":21,"column":37}}],"line":21},"3":{"loc":{"start":{"line":22,"column":13},"end":{"line":22,"column":27}},"type":"binary-expr","locations":[{"start":{"line":22,"column":13},"end":{"line":22,"column":21}},{"start":{"line":22,"column":25},"end":{"line":22,"column":27}}],"line":22},"4":{"loc":{"start":{"line":23,"column":18},"end":{"line":23,"column":66}},"type":"cond-expr","locations":[{"start":{"line":23,"column":34},"end":{"line":23,"column":61}},{"start":{"line":23,"column":64},"end":{"line":23,"column":66}}],"line":23},"5":{"loc":{"start":{"line":24,"column":16},"end":{"line":24,"column":33}},"type":"binary-expr","locations":[{"start":{"line":24,"column":16},"end":{"line":24,"column":27}},{"start":{"line":24,"column":31},"end":{"line":24,"column":33}}],"line":24},"6":{"loc":{"start":{"line":25,"column":15},"end":{"line":25,"column":31}},"type":"binary-expr","locations":[{"start":{"line":25,"column":15},"end":{"line":25,"column":25}},{"start":{"line":25,"column":29},"end":{"line":25,"column":31}}],"line":25},"7":{"loc":{"start":{"line":26,"column":16},"end":{"line":26,"column":33}},"type":"binary-expr","locations":[{"start":{"line":26,"column":16},"end":{"line":26,"column":27}},{"start":{"line":26,"column":31},"end":{"line":26,"column":33}}],"line":26},"8":{"loc":{"start":{"line":27,"column":18},"end":{"line":27,"column":37}},"type":"binary-expr","locations":[{"start":{"line":27,"column":18},"end":{"line":27,"column":31}},{"start":{"line":27,"column":35},"end":{"line":27,"column":37}}],"line":27},"9":{"loc":{"start":{"line":41,"column":10},"end":{"line":45,"column":11}},"type":"if","locations":[{"start":{"line":41,"column":10},"end":{"line":45,"column":11}},{"start":{"line":43,"column":17},"end":{"line":45,"column":11}}],"line":41},"10":{"loc":{"start":{"line":42,"column":23},"end":{"line":42,"column":48}},"type":"binary-expr","locations":[{"start":{"line":42,"column":23},"end":{"line":42,"column":42}},{"start":{"line":42,"column":46},"end":{"line":42,"column":48}}],"line":42},"11":{"loc":{"start":{"line":63,"column":6},"end":{"line":66,"column":7}},"type":"if","locations":[{"start":{"line":63,"column":6},"end":{"line":66,"column":7}},{"start":{},"end":{}}],"line":63},"12":{"loc":{"start":{"line":69,"column":15},"end":{"line":69,"column":35}},"type":"binary-expr","locations":[{"start":{"line":69,"column":15},"end":{"line":69,"column":29}},{"start":{"line":69,"column":33},"end":{"line":69,"column":35}}],"line":69},"13":{"loc":{"start":{"line":71,"column":13},"end":{"line":71,"column":33}},"type":"binary-expr","locations":[{"start":{"line":71,"column":13},"end":{"line":71,"column":25}},{"start":{"line":71,"column":29},"end":{"line":71,"column":33}}],"line":71},"14":{"loc":{"start":{"line":72,"column":16},"end":{"line":72,"column":39}},"type":"binary-expr","locations":[{"start":{"line":72,"column":16},"end":{"line":72,"column":31}},{"start":{"line":72,"column":35},"end":{"line":72,"column":39}}],"line":72},"15":{"loc":{"start":{"line":73,"column":18},"end":{"line":73,"column":43}},"type":"binary-expr","locations":[{"start":{"line":73,"column":18},"end":{"line":73,"column":35}},{"start":{"line":73,"column":39},"end":{"line":73,"column":43}}],"line":73},"16":{"loc":{"start":{"line":74,"column":16},"end":{"line":74,"column":37}},"type":"binary-expr","locations":[{"start":{"line":74,"column":16},"end":{"line":74,"column":31}},{"start":{"line":74,"column":35},"end":{"line":74,"column":37}}],"line":74},"17":{"loc":{"start":{"line":75,"column":18},"end":{"line":75,"column":43}},"type":"binary-expr","locations":[{"start":{"line":75,"column":18},"end":{"line":75,"column":35}},{"start":{"line":75,"column":39},"end":{"line":75,"column":43}}],"line":75},"18":{"loc":{"start":{"line":86,"column":6},"end":{"line":92,"column":7}},"type":"if","locations":[{"start":{"line":86,"column":6},"end":{"line":92,"column":7}},{"start":{"line":90,"column":13},"end":{"line":92,"column":7}}],"line":86},"19":{"loc":{"start":{"line":106,"column":6},"end":{"line":112,"column":7}},"type":"if","locations":[{"start":{"line":106,"column":6},"end":{"line":112,"column":7}},{"start":{"line":109,"column":13},"end":{"line":112,"column":7}}],"line":106},"20":{"loc":{"start":{"line":127,"column":20},"end":{"line":127,"column":49}},"type":"binary-expr","locations":[{"start":{"line":127,"column":20},"end":{"line":127,"column":36}},{"start":{"line":127,"column":40},"end":{"line":127,"column":49}}],"line":127},"21":{"loc":{"start":{"line":133,"column":42},"end":{"line":133,"column":59}},"type":"binary-expr","locations":[{"start":{"line":133,"column":42},"end":{"line":133,"column":52}},{"start":{"line":133,"column":56},"end":{"line":133,"column":59}}],"line":133},"22":{"loc":{"start":{"line":134,"column":44},"end":{"line":134,"column":67}},"type":"binary-expr","locations":[{"start":{"line":134,"column":44},"end":{"line":134,"column":60}},{"start":{"line":134,"column":64},"end":{"line":134,"column":67}}],"line":134},"23":{"loc":{"start":{"line":135,"column":38},"end":{"line":135,"column":56}},"type":"binary-expr","locations":[{"start":{"line":135,"column":38},"end":{"line":135,"column":49}},{"start":{"line":135,"column":53},"end":{"line":135,"column":56}}],"line":135},"24":{"loc":{"start":{"line":136,"column":41},"end":{"line":136,"column":62}},"type":"binary-expr","locations":[{"start":{"line":136,"column":41},"end":{"line":136,"column":55}},{"start":{"line":136,"column":59},"end":{"line":136,"column":62}}],"line":136},"25":{"loc":{"start":{"line":137,"column":43},"end":{"line":137,"column":115}},"type":"cond-expr","locations":[{"start":{"line":137,"column":62},"end":{"line":137,"column":109}},{"start":{"line":137,"column":112},"end":{"line":137,"column":115}}],"line":137},"26":{"loc":{"start":{"line":138,"column":41},"end":{"line":138,"column":62}},"type":"binary-expr","locations":[{"start":{"line":138,"column":41},"end":{"line":138,"column":55}},{"start":{"line":138,"column":59},"end":{"line":138,"column":62}}],"line":138},"27":{"loc":{"start":{"line":139,"column":40},"end":{"line":139,"column":60}},"type":"binary-expr","locations":[{"start":{"line":139,"column":40},"end":{"line":139,"column":53}},{"start":{"line":139,"column":57},"end":{"line":139,"column":60}}],"line":139},"28":{"loc":{"start":{"line":153,"column":11},"end":{"line":163,"column":11}},"type":"cond-expr","locations":[{"start":{"line":154,"column":12},"end":{"line":160,"column":14}},{"start":{"line":162,"column":12},"end":{"line":162,"column":48}}],"line":153},"29":{"loc":{"start":{"line":157,"column":45},"end":{"line":157,"column":83}},"type":"binary-expr","locations":[{"start":{"line":157,"column":45},"end":{"line":157,"column":63}},{"start":{"line":157,"column":67},"end":{"line":157,"column":83}}],"line":157},"30":{"loc":{"start":{"line":168,"column":7},"end":{"line":185,"column":7}},"type":"binary-expr","locations":[{"start":{"line":168,"column":7},"end":{"line":168,"column":22}},{"start":{"line":169,"column":8},"end":{"line":184,"column":14}}],"line":168},"31":{"loc":{"start":{"line":188,"column":7},"end":{"line":198,"column":7}},"type":"binary-expr","locations":[{"start":{"line":188,"column":7},"end":{"line":188,"column":24}},{"start":{"line":189,"column":8},"end":{"line":197,"column":14}}],"line":188},"32":{"loc":{"start":{"line":201,"column":7},"end":{"line":211,"column":7}},"type":"binary-expr","locations":[{"start":{"line":201,"column":7},"end":{"line":201,"column":24}},{"start":{"line":202,"column":8},"end":{"line":210,"column":14}}],"line":201}},"s":{"0":17,"1":17,"2":17,"3":17,"4":17,"5":17,"6":17,"7":17,"8":17,"9":5,"10":5,"11":5,"12":5,"13":5,"14":5,"15":5,"16":4,"17":4,"18":0,"19":1,"20":5,"21":17,"22":1,"23":1,"24":17,"25":1,"26":1,"27":0,"28":0,"29":1,"30":1,"31":1,"32":1,"33":1,"34":1,"35":1,"36":0,"37":0,"38":0,"39":17,"40":1,"41":1,"42":1,"43":1,"44":1,"45":0,"46":0,"47":0,"48":0,"49":1,"50":17,"51":0,"52":17,"53":2,"54":1,"55":0,"56":1,"57":0,"58":0,"59":0},"f":{"0":17,"1":5,"2":5,"3":1,"4":1,"5":1,"6":0,"7":2,"8":1,"9":0,"10":1,"11":0,"12":0,"13":0},"b":{"0":[17,0],"1":[5,0],"2":[5,0],"3":[5,0],"4":[5,0],"5":[5,0],"6":[5,0],"7":[5,0],"8":[5,5],"9":[4,0],"10":[4,1],"11":[0,1],"12":[1,0],"13":[1,0],"14":[1,0],"15":[1,0],"16":[1,0],"17":[1,1],"18":[1,0],"19":[1,0],"20":[17,5],"21":[17,5],"22":[17,5],"23":[17,5],"24":[17,5],"25":[12,5],"26":[17,5],"27":[17,5],"28":[1,16],"29":[1,0],"30":[17,3],"31":[17,1],"32":[17,0]},"_coverageSchema":"1a1c01bbd47fc00a2c39e90264f33305004495a9","hash":"c0bc66b831e1134e955dbd652bd131fd92063e4d"}
}
