TN:
SF:src/pages/DoctorDashboard/DoctorDashboard.jsx
FN:6,DoctorDashboard
FN:22,(anonymous_1)
FN:37,(anonymous_2)
FN:42,(anonymous_3)
FN:80,(anonymous_4)
FN:101,(anonymous_5)
FN:106,(anonymous_6)
FN:133,(anonymous_7)
FN:150,(anonymous_8)
FN:183,(anonymous_9)
FN:184,(anonymous_10)
FN:185,(anonymous_11)
FN:197,(anonymous_12)
FN:217,(anonymous_13)
FN:224,(anonymous_14)
FN:245,(anonymous_15)
FN:250,(anonymous_16)
FN:270,(anonymous_17)
FN:283,(anonymous_18)
FN:296,(anonymous_19)
FNF:20
FNH:8
FNDA:19,DoctorDashboard
FNDA:6,(anonymous_1)
FNDA:1,(anonymous_2)
FNDA:1,(anonymous_3)
FNDA:1,(anonymous_4)
FNDA:0,(anonymous_5)
FNDA:0,(anonymous_6)
FNDA:0,(anonymous_7)
FNDA:0,(anonymous_8)
FNDA:2,(anonymous_9)
FNDA:1,(anonymous_10)
FNDA:0,(anonymous_11)
FNDA:2,(anonymous_12)
FNDA:0,(anonymous_13)
FNDA:0,(anonymous_14)
FNDA:0,(anonymous_15)
FNDA:0,(anonymous_16)
FNDA:0,(anonymous_17)
FNDA:0,(anonymous_18)
FNDA:0,(anonymous_19)
DA:7,19
DA:8,19
DA:10,19
DA:11,19
DA:12,19
DA:13,19
DA:14,19
DA:16,19
DA:17,19
DA:18,19
DA:19,19
DA:20,19
DA:22,19
DA:23,6
DA:24,6
DA:25,6
DA:37,19
DA:38,1
DA:39,1
DA:42,19
DA:43,1
DA:44,1
DA:45,0
DA:46,0
DA:49,1
DA:59,1
DA:65,1
DA:67,1
DA:68,1
DA:69,1
DA:70,1
DA:72,0
DA:75,0
DA:76,0
DA:80,19
DA:81,1
DA:82,1
DA:86,1
DA:87,1
DA:88,1
DA:90,0
DA:91,0
DA:94,0
DA:95,0
DA:97,1
DA:101,19
DA:102,0
DA:106,19
DA:107,0
DA:108,0
DA:110,0
DA:111,0
DA:112,0
DA:113,0
DA:114,0
DA:116,0
DA:117,0
DA:118,0
DA:119,0
DA:120,0
DA:123,0
DA:125,0
DA:126,0
DA:127,0
DA:129,0
DA:133,19
DA:134,0
DA:136,0
DA:137,0
DA:147,0
DA:148,0
DA:150,0
DA:155,0
DA:156,0
DA:158,0
DA:159,0
DA:163,19
DA:183,2
DA:184,1
DA:185,0
DA:197,2
DA:217,0
DA:225,0
DA:245,0
DA:250,0
DA:270,0
DA:283,0
DA:296,0
LF:88
LH:43
BRDA:8,0,0,19
BRDA:8,0,1,0
BRDA:23,1,0,6
BRDA:23,1,1,0
BRDA:26,2,0,6
BRDA:26,2,1,0
BRDA:27,3,0,6
BRDA:27,3,1,0
BRDA:28,4,0,6
BRDA:28,4,1,0
BRDA:29,5,0,6
BRDA:29,5,1,0
BRDA:30,6,0,6
BRDA:30,6,1,0
BRDA:31,7,0,6
BRDA:31,7,1,0
BRDA:32,8,0,6
BRDA:32,8,1,0
BRDA:44,9,0,0
BRDA:44,9,1,1
BRDA:50,10,0,1
BRDA:50,10,1,0
BRDA:52,11,0,1
BRDA:52,11,1,0
BRDA:53,12,0,1
BRDA:53,12,1,0
BRDA:54,13,0,1
BRDA:54,13,1,0
BRDA:55,14,0,1
BRDA:55,14,1,0
BRDA:56,15,0,1
BRDA:56,15,1,0
BRDA:67,16,0,1
BRDA:67,16,1,0
BRDA:86,17,0,1
BRDA:86,17,1,0
BRDA:108,18,0,0
BRDA:108,18,1,0
BRDA:113,19,0,0
BRDA:113,19,1,0
BRDA:118,20,0,0
BRDA:118,20,1,0
BRDA:120,21,0,0
BRDA:120,21,1,0
BRDA:134,22,0,0
BRDA:134,22,1,0
BRDA:134,23,0,0
BRDA:134,23,1,0
BRDA:147,24,0,0
BRDA:147,24,1,0
BRDA:165,25,0,19
BRDA:165,25,1,6
BRDA:171,26,0,19
BRDA:171,26,1,6
BRDA:172,27,0,19
BRDA:172,27,1,6
BRDA:173,28,0,19
BRDA:173,28,1,6
BRDA:174,29,0,19
BRDA:174,29,1,6
BRDA:175,30,0,13
BRDA:175,30,1,6
BRDA:176,31,0,19
BRDA:176,31,1,6
BRDA:177,32,0,19
BRDA:177,32,1,6
BRDA:178,33,0,19
BRDA:178,33,1,6
BRDA:201,34,0,0
BRDA:201,34,1,19
BRDA:206,35,0,19
BRDA:206,35,1,0
BRDA:223,36,0,0
BRDA:223,36,1,0
BRDA:238,37,0,19
BRDA:238,37,1,0
BRDA:257,38,0,19
BRDA:257,38,1,3
BRDA:277,39,0,19
BRDA:277,39,1,1
BRDA:290,40,0,19
BRDA:290,40,1,0
BRF:82
BRH:44
end_of_record
TN:
SF:src/pages/Login/Login.jsx
FN:7,Login
FN:24,(anonymous_1)
FN:28,(anonymous_2)
FN:99,(anonymous_3)
FN:111,(anonymous_4)
FN:140,(anonymous_5)
FN:175,(anonymous_6)
FN:184,(anonymous_7)
FN:207,(anonymous_8)
FNF:9
FNH:1
FNDA:4,Login
FNDA:0,(anonymous_1)
FNDA:0,(anonymous_2)
FNDA:0,(anonymous_3)
FNDA:0,(anonymous_4)
FNDA:0,(anonymous_5)
FNDA:0,(anonymous_6)
FNDA:0,(anonymous_7)
FNDA:0,(anonymous_8)
DA:8,4
DA:9,4
DA:10,4
DA:11,4
DA:22,4
DA:24,4
DA:25,0
DA:28,4
DA:29,0
DA:31,0
DA:32,0
DA:33,0
DA:34,0
DA:36,0
DA:42,0
DA:43,0
DA:44,0
DA:45,0
DA:47,0
DA:50,0
DA:56,0
DA:57,0
DA:58,0
DA:59,0
DA:61,0
DA:63,0
DA:64,0
DA:65,0
DA:66,0
DA:68,0
DA:70,0
DA:71,0
DA:72,0
DA:74,0
DA:77,0
DA:81,0
DA:82,0
DA:86,4
DA:99,0
DA:111,0
DA:140,0
DA:175,0
DA:184,0
DA:207,0
LF:44
LH:8
BRDA:32,0,0,0
BRDA:32,0,1,0
BRDA:34,1,0,0
BRDA:34,1,1,0
BRDA:43,2,0,0
BRDA:43,2,1,0
BRDA:47,3,0,0
BRDA:47,3,1,0
BRDA:57,4,0,0
BRDA:57,4,1,0
BRDA:63,5,0,0
BRDA:63,5,1,0
BRDA:64,6,0,0
BRDA:64,6,1,0
BRDA:70,7,0,0
BRDA:70,7,1,0
BRDA:77,8,0,0
BRDA:77,8,1,0
BRDA:137,9,0,4
BRDA:137,9,1,0
BRDA:141,10,0,0
BRDA:141,10,1,0
BRDA:143,11,0,0
BRDA:143,11,1,0
BRDA:190,12,0,0
BRDA:190,12,1,0
BRDA:190,12,2,0
BRDA:198,13,0,0
BRDA:198,13,1,0
BRDA:203,14,0,0
BRDA:203,14,1,0
BRDA:209,15,0,0
BRDA:209,15,1,0
BRF:33
BRH:1
end_of_record
TN:
SF:src/pages/PatientDashboard/PatientDashboard.jsx
FN:6,PatientDashboard
FN:17,(anonymous_1)
FN:30,(anonymous_2)
FN:55,(anonymous_3)
FN:61,(anonymous_4)
FN:100,(anonymous_5)
FN:121,(anonymous_6)
FN:144,(anonymous_7)
FN:145,(anonymous_8)
FN:146,(anonymous_9)
FN:154,(anonymous_10)
FN:181,(anonymous_11)
FN:194,(anonymous_12)
FN:207,(anonymous_13)
FNF:14
FNH:9
FNDA:17,PatientDashboard
FNDA:5,(anonymous_1)
FNDA:5,(anonymous_2)
FNDA:1,(anonymous_3)
FNDA:1,(anonymous_4)
FNDA:1,(anonymous_5)
FNDA:0,(anonymous_6)
FNDA:2,(anonymous_7)
FNDA:1,(anonymous_8)
FNDA:0,(anonymous_9)
FNDA:1,(anonymous_10)
FNDA:0,(anonymous_11)
FNDA:0,(anonymous_12)
FNDA:0,(anonymous_13)
DA:7,17
DA:8,17
DA:10,17
DA:11,17
DA:12,17
DA:13,17
DA:14,17
DA:15,17
DA:17,17
DA:18,5
DA:19,5
DA:20,5
DA:30,5
DA:31,5
DA:32,5
DA:40,5
DA:41,4
DA:42,4
DA:44,0
DA:47,1
DA:51,5
DA:55,17
DA:56,1
DA:57,1
DA:61,17
DA:62,1
DA:63,1
DA:64,0
DA:65,0
DA:68,1
DA:78,1
DA:84,1
DA:86,1
DA:87,1
DA:88,1
DA:89,1
DA:91,0
DA:94,0
DA:95,0
DA:100,17
DA:101,1
DA:102,1
DA:106,1
DA:107,1
DA:108,1
DA:110,0
DA:111,0
DA:114,0
DA:115,0
DA:117,1
DA:121,17
DA:122,0
DA:125,17
DA:144,2
DA:145,1
DA:146,0
DA:155,1
DA:181,0
DA:194,0
DA:207,0
LF:60
LH:45
BRDA:8,0,0,17
BRDA:8,0,1,0
BRDA:18,1,0,5
BRDA:18,1,1,0
BRDA:21,2,0,5
BRDA:21,2,1,0
BRDA:22,3,0,5
BRDA:22,3,1,0
BRDA:23,4,0,5
BRDA:23,4,1,0
BRDA:24,5,0,5
BRDA:24,5,1,0
BRDA:25,6,0,5
BRDA:25,6,1,0
BRDA:26,7,0,5
BRDA:26,7,1,0
BRDA:27,8,0,5
BRDA:27,8,1,5
BRDA:41,9,0,4
BRDA:41,9,1,0
BRDA:42,10,0,4
BRDA:42,10,1,1
BRDA:63,11,0,0
BRDA:63,11,1,1
BRDA:69,12,0,1
BRDA:69,12,1,0
BRDA:71,13,0,1
BRDA:71,13,1,0
BRDA:72,14,0,1
BRDA:72,14,1,0
BRDA:73,15,0,1
BRDA:73,15,1,0
BRDA:74,16,0,1
BRDA:74,16,1,0
BRDA:75,17,0,1
BRDA:75,17,1,1
BRDA:86,18,0,1
BRDA:86,18,1,0
BRDA:106,19,0,1
BRDA:106,19,1,0
BRDA:127,20,0,17
BRDA:127,20,1,5
BRDA:133,21,0,17
BRDA:133,21,1,5
BRDA:134,22,0,17
BRDA:134,22,1,5
BRDA:135,23,0,17
BRDA:135,23,1,5
BRDA:136,24,0,17
BRDA:136,24,1,5
BRDA:137,25,0,12
BRDA:137,25,1,5
BRDA:138,26,0,17
BRDA:138,26,1,5
BRDA:139,27,0,17
BRDA:139,27,1,5
BRDA:153,28,0,1
BRDA:153,28,1,16
BRDA:157,29,0,1
BRDA:157,29,1,0
BRDA:168,30,0,17
BRDA:168,30,1,3
BRDA:188,31,0,17
BRDA:188,31,1,1
BRDA:201,32,0,17
BRDA:201,32,1,0
BRF:66
BRH:47
end_of_record
